#
# There is insufficient memory for the Java Runtime Environment to continue.
# Native memory allocation (malloc) failed to allocate 299616 bytes for Chunk::new
# Possible reasons:
#   The system is out of physical RAM or swap space
#   In 32 bit mode, the process size limit was hit
# Possible solutions:
#   Reduce memory load on the system
#   Increase physical memory or swap space
#   Check if swap backing store is full
#   Use 64 bit Java on a 64 bit OS
#   Decrease Java heap size (-Xmx/-Xms)
#   Decrease number of Java threads
#   Decrease Java thread stack sizes (-Xss)
#   Set larger code cache with -XX:ReservedCodeCacheSize=
# This output file may be truncated or incomplete.
#
#  Out of Memory Error (allocation.cpp:390), pid=17072, tid=0x00000000000045a4
#
# JRE version: OpenJDK Runtime Environment (8.0_152-b02) (build 1.8.0_152-release-1024-b02)
# Java VM: OpenJDK 64-Bit Server VM (25.152-b02 mixed mode windows-amd64 compressed oops)
# Failed to write core dump. Minidumps are not enabled by default on client versions of Windows
#

---------------  T H R E A D  ---------------

Current thread (0x0000000015f79000):  JavaThread "C2 CompilerThread1" daemon [_thread_in_native, id=17828, stack(0x0000000017670000,0x0000000017770000)]

Stack: [0x0000000017670000,0x0000000017770000]
[error occurred during error reporting (printing stack bounds), id 0xc0000005]

Native frames: (J=compiled Java code, j=interpreted, Vv=VM code, C=native code)


Current CompileTask:
C2:1431864 15290   !   4       sun.nio.ch.IOUtil::read (93 bytes)


---------------  P R O C E S S  ---------------

Java Threads: ( => current thread )
  0x00000000193d5800 JavaThread "pool-4-thread-1" [_thread_in_native, id=19268, stack(0x0000000029ab0000,0x0000000029bb0000)]
  0x00000000193d5000 JavaThread "ForkJoinPool.commonPool-worker-0" daemon [_thread_in_native, id=9012, stack(0x00000000299b0000,0x0000000029ab0000)]
  0x00000000193d4000 JavaThread "Task worker for ':' Thread 3" [_thread_blocked, id=18336, stack(0x00000000298b0000,0x00000000299b0000)]
  0x00000000193d3800 JavaThread "Task worker for ':' Thread 2" [_thread_blocked, id=11728, stack(0x00000000297b0000,0x00000000298b0000)]
  0x00000000193cc000 JavaThread "Task worker for ':'" [_thread_blocked, id=1148, stack(0x00000000296b0000,0x00000000297b0000)]
  0x00000000193cf800 JavaThread "Cache worker for Build Output Cleanup Cache (C:\Users\juaherna\Documents\Dream_Android\LogsysDream\.gradle\buildOutputCleanup)" [_thread_blocked, id=20440, stack(0x00000000295b0000,0x00000000296b0000)]
  0x00000000193d2000 JavaThread "Cache worker for task history cache (C:\Users\juaherna\Documents\Dream_Android\LogsysDream\.gradle\4.4\taskHistory)" [_thread_blocked, id=4100, stack(0x00000000294b0000,0x00000000295b0000)]
  0x00000000193ca800 JavaThread "Cache worker for file content cache (C:\Users\juaherna\Documents\Dream_Android\LogsysDream\.gradle\4.4\fileContent)" [_thread_blocked, id=8908, stack(0x00000000293b0000,0x00000000294b0000)]
  0x00000000193d1000 JavaThread "build operations Thread 4" [_thread_blocked, id=16612, stack(0x00000000292b0000,0x00000000293b0000)]
  0x00000000193d0800 JavaThread "build operations Thread 3" [_thread_blocked, id=8912, stack(0x00000000291b0000,0x00000000292b0000)]
  0x00000000193c8000 JavaThread "build operations Thread 2" [_thread_blocked, id=19040, stack(0x00000000290b0000,0x00000000291b0000)]
  0x000000001934b000 JavaThread "build operations" [_thread_blocked, id=13504, stack(0x0000000028fb0000,0x00000000290b0000)]
  0x000000001934a800 JavaThread "Cache worker for Artifact transforms cache (C:\Users\juaherna\.gradle\caches\transforms-1)" [_thread_blocked, id=19656, stack(0x0000000028eb0000,0x0000000028fb0000)]
  0x000000001934f000 JavaThread "Cache worker for file hash cache (C:\Users\juaherna\Documents\Dream_Android\LogsysDream\.gradle\4.4\fileHashes)" [_thread_blocked, id=15988, stack(0x0000000028db0000,0x0000000028eb0000)]
  0x0000000019349000 JavaThread "Stdin handler" [_thread_blocked, id=20444, stack(0x0000000028cb0000,0x0000000028db0000)]
  0x000000001934e000 JavaThread "Asynchronous log dispatcher for DefaultDaemonConnection: socket connection from /127.0.0.1:62577 to /127.0.0.1:64141" [_thread_blocked, id=19688, stack(0x0000000028bb0000,0x0000000028cb0000)]
  0x000000001934d800 JavaThread "Cancel handler" [_thread_blocked, id=17548, stack(0x0000000028ab0000,0x0000000028bb0000)]
  0x000000001934c000 JavaThread "Handler for socket connection from /127.0.0.1:62577 to /127.0.0.1:64141" [_thread_in_native, id=17648, stack(0x00000000289b0000,0x0000000028ab0000)]
  0x00000000193c9000 JavaThread "Daemon worker Thread 3" [_thread_blocked, id=20340, stack(0x00000000278b0000,0x00000000279b0000)]
  0x00000000193cf000 JavaThread "Daemon Thread 3" [_thread_blocked, id=428, stack(0x00000000275b0000,0x00000000276b0000)]
  0x00000000193cc800 JavaThread "Memory manager" [_thread_blocked, id=20268, stack(0x0000000020c70000,0x0000000020d70000)]
  0x000000001934c800 JavaThread "pool-1-thread-1" [_thread_blocked, id=2980, stack(0x0000000020970000,0x0000000020a70000)]
  0x0000000019497800 JavaThread "File lock request listener" [_thread_in_native, id=11724, stack(0x000000001bc30000,0x000000001bd30000)]
  0x0000000018f8f800 JavaThread "Cache worker for file hash cache (C:\Users\juaherna\.gradle\caches\4.4\fileHashes)" [_thread_blocked, id=7948, stack(0x000000001ab60000,0x000000001ac60000)]
  0x0000000018d7a800 JavaThread "Daemon periodic checks" [_thread_blocked, id=9500, stack(0x000000001a060000,0x000000001a160000)]
  0x0000000018d45800 JavaThread "Incoming local TCP Connector on port 62577" [_thread_in_native, id=13344, stack(0x0000000019b80000,0x0000000019c80000)]
  0x0000000017875800 JavaThread "Service Thread" daemon [_thread_blocked, id=13552, stack(0x0000000017c70000,0x0000000017d70000)]
  0x0000000015f7c800 JavaThread "C1 CompilerThread2" daemon [_thread_blocked, id=19948, stack(0x0000000017770000,0x0000000017870000)]
=>0x0000000015f79000 JavaThread "C2 CompilerThread1" daemon [_thread_in_native, id=17828, stack(0x0000000017670000,0x0000000017770000)]
  0x0000000015f28800 JavaThread "C2 CompilerThread0" daemon [_thread_blocked, id=4556, stack(0x0000000017570000,0x0000000017670000)]
  0x0000000015f27800 JavaThread "Attach Listener" daemon [_thread_blocked, id=20416, stack(0x0000000017470000,0x0000000017570000)]
  0x0000000015f26000 JavaThread "Signal Dispatcher" daemon [_thread_blocked, id=14920, stack(0x0000000017370000,0x0000000017470000)]
  0x00000000025ae000 JavaThread "Finalizer" daemon [_thread_blocked, id=3336, stack(0x0000000017180000,0x0000000017280000)]
  0x00000000025a2800 JavaThread "Reference Handler" daemon [_thread_blocked, id=20324, stack(0x0000000017080000,0x0000000017180000)]
  0x00000000023ae800 JavaThread "main" [_thread_blocked, id=13108, stack(0x00000000023b0000,0x00000000024b0000)]

Other Threads:
  0x0000000015ee6000 VMThread [stack: 0x0000000016f80000,0x0000000017080000] [id=18556]
  0x0000000017878800 WatcherThread [stack: 0x0000000017d70000,0x0000000017e70000] [id=19484]

VM state:not at safepoint (normal execution)

VM Mutex/Monitor currently owned by a thread: None

Heap:
 PSYoungGen      total 229376K, used 179652K [0x00000000e0000000, 0x00000000f1280000, 0x0000000100000000)
  eden space 183808K, 97% used [0x00000000e0000000,0x00000000eaf71078,0x00000000eb380000)
  from space 45568K, 0% used [0x00000000eb380000,0x00000000eb380000,0x00000000ee000000)
  to   space 44544K, 0% used [0x00000000ee700000,0x00000000ee700000,0x00000000f1280000)
 ParOldGen       total 252928K, used 85823K [0x00000000a0000000, 0x00000000af700000, 0x00000000e0000000)
  object space 252928K, 33% used [0x00000000a0000000,0x00000000a53cfcf8,0x00000000af700000)
 Metaspace       used 104153K, capacity 108514K, committed 108760K, reserved 1144832K
  class space    used 13059K, capacity 13979K, committed 14080K, reserved 1048576K

Card table byte_map: [0x0000000011970000,0x0000000011c80000] byte_map_base: 0x0000000011470000

Marking Bits: (ParMarkBitMap*) 0x0000000073084970
 Begin Bits: [0x0000000012280000, 0x0000000013a80000)
 End Bits:   [0x0000000013a80000, 0x0000000015280000)

Polling page: 0x0000000000ce0000

CodeCache: size=245760Kb used=42957Kb max_used=42969Kb free=202802Kb
 bounds [0x00000000025b0000, 0x0000000004ff0000, 0x00000000115b0000]
 total_blobs=13409 nmethods=12575 adapters=744
 compilation: enabled

Compilation events (10 events):
Event: 1431.559 Thread 0x0000000015f7c800 nmethod 15300 0x0000000004fdb490 code [0x0000000004fdb720, 0x0000000004fdc528]
Event: 1431.559 Thread 0x0000000015f7c800 15298       3       com.android.apkzlib.zip.ZFile$1::<init> (29 bytes)
Event: 1431.560 Thread 0x0000000015f7c800 nmethod 15298 0x0000000004fdce50 code [0x0000000004fdcfc0, 0x0000000004fdd1f0]
Event: 1431.560 Thread 0x0000000015f7c800 15299       1       com.android.apkzlib.zip.StoredEntry::getSource (5 bytes)
Event: 1431.560 Thread 0x0000000015f7c800 nmethod 15299 0x0000000004fd0290 code [0x0000000004fd03e0, 0x0000000004fd04f0]
Event: 1431.560 Thread 0x0000000015f7c800 15301       3       java.util.function.Predicate$$Lambda$508/1521725781::test (13 bytes)
Event: 1431.560 Thread 0x0000000015f7c800 nmethod 15301 0x0000000004fdd310 code [0x0000000004fdd4a0, 0x0000000004fdd898]
Event: 1431.560 Thread 0x0000000015f7c800 15302       3       java.util.function.Predicate::lambda$or$2 (26 bytes)
Event: 1431.561 Thread 0x0000000015f7c800 nmethod 15302 0x0000000004fdda10 code [0x0000000004fddb80, 0x0000000004fddef8]
Event: 1431.562 Thread 0x0000000015f28800 15303       4       java.nio.HeapByteBuffer::put (167 bytes)

GC Heap History (10 events):
Event: 1363.260 GC heap before
{Heap before GC invocations=17 (full 3):
 PSYoungGen      total 206848K, used 206417K [0x00000000e0000000, 0x00000000ef280000, 0x0000000100000000)
  eden space 184832K, 100% used [0x00000000e0000000,0x00000000eb480000,0x00000000eb480000)
  from space 22016K, 98% used [0x00000000eb880000,0x00000000ecd94680,0x00000000ece00000)
  to   space 31744K, 0% used [0x00000000ed380000,0x00000000ed380000,0x00000000ef280000)
 ParOldGen       total 252928K, used 62341K [0x00000000a0000000, 0x00000000af700000, 0x00000000e0000000)
  object space 252928K, 24% used [0x00000000a0000000,0x00000000a3ce1680,0x00000000af700000)
 Metaspace       used 70717K, capacity 73970K, committed 74328K, reserved 1114112K
  class space    used 9235K, capacity 10005K, committed 10112K, reserved 1048576K
Event: 1363.315 GC heap after
Heap after GC invocations=17 (full 3):
 PSYoungGen      total 211456K, used 31716K [0x00000000e0000000, 0x00000000ef880000, 0x0000000100000000)
  eden space 179712K, 0% used [0x00000000e0000000,0x00000000e0000000,0x00000000eaf80000)
  from space 31744K, 99% used [0x00000000ed380000,0x00000000ef279120,0x00000000ef280000)
  to   space 36864K, 0% used [0x00000000eaf80000,0x00000000eaf80000,0x00000000ed380000)
 ParOldGen       total 252928K, used 65060K [0x00000000a0000000, 0x00000000af700000, 0x00000000e0000000)
  object space 252928K, 25% used [0x00000000a0000000,0x00000000a3f893b0,0x00000000af700000)
 Metaspace       used 70717K, capacity 73970K, committed 74328K, reserved 1114112K
  class space    used 9235K, capacity 10005K, committed 10112K, reserved 1048576K
}
Event: 1368.151 GC heap before
{Heap before GC invocations=18 (full 3):
 PSYoungGen      total 211456K, used 211402K [0x00000000e0000000, 0x00000000ef880000, 0x0000000100000000)
  eden space 179712K, 99% used [0x00000000e0000000,0x00000000eaf796e8,0x00000000eaf80000)
  from space 31744K, 99% used [0x00000000ed380000,0x00000000ef279120,0x00000000ef280000)
  to   space 36864K, 0% used [0x00000000eaf80000,0x00000000eaf80000,0x00000000ed380000)
 ParOldGen       total 252928K, used 65060K [0x00000000a0000000, 0x00000000af700000, 0x00000000e0000000)
  object space 252928K, 25% used [0x00000000a0000000,0x00000000a3f893b0,0x00000000af700000)
 Metaspace       used 83516K, capacity 86934K, committed 87128K, reserved 1124352K
  class space    used 10770K, capacity 11523K, committed 11648K, reserved 1048576K
Event: 1368.271 GC heap after
Heap after GC invocations=18 (full 3):
 PSYoungGen      total 216576K, used 36860K [0x00000000e0000000, 0x00000000f2780000, 0x0000000100000000)
  eden space 179712K, 0% used [0x00000000e0000000,0x00000000e0000000,0x00000000eaf80000)
  from space 36864K, 99% used [0x00000000eaf80000,0x00000000ed37f168,0x00000000ed380000)
  to   space 48128K, 0% used [0x00000000ef880000,0x00000000ef880000,0x00000000f2780000)
 ParOldGen       total 252928K, used 81036K [0x00000000a0000000, 0x00000000af700000, 0x00000000e0000000)
  object space 252928K, 32% used [0x00000000a0000000,0x00000000a4f23348,0x00000000af700000)
 Metaspace       used 83516K, capacity 86934K, committed 87128K, reserved 1124352K
  class space    used 10770K, capacity 11523K, committed 11648K, reserved 1048576K
}
Event: 1423.983 GC heap before
{Heap before GC invocations=19 (full 3):
 PSYoungGen      total 216576K, used 216572K [0x00000000e0000000, 0x00000000f2780000, 0x0000000100000000)
  eden space 179712K, 100% used [0x00000000e0000000,0x00000000eaf80000,0x00000000eaf80000)
  from space 36864K, 99% used [0x00000000eaf80000,0x00000000ed37f168,0x00000000ed380000)
  to   space 48128K, 0% used [0x00000000ef880000,0x00000000ef880000,0x00000000f2780000)
 ParOldGen       total 252928K, used 81036K [0x00000000a0000000, 0x00000000af700000, 0x00000000e0000000)
  object space 252928K, 32% used [0x00000000a0000000,0x00000000a4f23348,0x00000000af700000)
 Metaspace       used 87828K, capacity 91944K, committed 92248K, reserved 1130496K
  class space    used 11184K, capacity 12072K, committed 12160K, reserved 1048576K
Event: 1424.030 GC heap after
Heap after GC invocations=19 (full 3):
 PSYoungGen      total 196096K, used 19972K [0x00000000e0000000, 0x00000000f0c80000, 0x0000000100000000)
  eden space 175616K, 0% used [0x00000000e0000000,0x00000000e0000000,0x00000000eab80000)
  from space 20480K, 97% used [0x00000000ef880000,0x00000000f0c010b8,0x00000000f0c80000)
  to   space 45568K, 0% used [0x00000000eb380000,0x00000000eb380000,0x00000000ee000000)
 ParOldGen       total 252928K, used 94616K [0x00000000a0000000, 0x00000000af700000, 0x00000000e0000000)
  object space 252928K, 37% used [0x00000000a0000000,0x00000000a5c66270,0x00000000af700000)
 Metaspace       used 87828K, capacity 91944K, committed 92248K, reserved 1130496K
  class space    used 11184K, capacity 12072K, committed 12160K, reserved 1048576K
}
Event: 1425.647 GC heap before
{Heap before GC invocations=20 (full 3):
 PSYoungGen      total 196096K, used 99917K [0x00000000e0000000, 0x00000000f0c80000, 0x0000000100000000)
  eden space 175616K, 45% used [0x00000000e0000000,0x00000000e4e12618,0x00000000eab80000)
  from space 20480K, 97% used [0x00000000ef880000,0x00000000f0c010b8,0x00000000f0c80000)
  to   space 45568K, 0% used [0x00000000eb380000,0x00000000eb380000,0x00000000ee000000)
 ParOldGen       total 252928K, used 94616K [0x00000000a0000000, 0x00000000af700000, 0x00000000e0000000)
  object space 252928K, 37% used [0x00000000a0000000,0x00000000a5c66270,0x00000000af700000)
 Metaspace       used 94054K, capacity 98082K, committed 98264K, reserved 1134592K
  class space    used 11873K, capacity 12753K, committed 12800K, reserved 1048576K
Event: 1425.668 GC heap after
Heap after GC invocations=20 (full 3):
 PSYoungGen      total 229376K, used 24328K [0x00000000e0000000, 0x00000000f1280000, 0x0000000100000000)
  eden space 183808K, 0% used [0x00000000e0000000,0x00000000e0000000,0x00000000eb380000)
  from space 45568K, 53% used [0x00000000eb380000,0x00000000ecb423c0,0x00000000ee000000)
  to   space 44544K, 0% used [0x00000000ee700000,0x00000000ee700000,0x00000000f1280000)
 ParOldGen       total 252928K, used 94624K [0x00000000a0000000, 0x00000000af700000, 0x00000000e0000000)
  object space 252928K, 37% used [0x00000000a0000000,0x00000000a5c68270,0x00000000af700000)
 Metaspace       used 94054K, capacity 98082K, committed 98264K, reserved 1134592K
  class space    used 11873K, capacity 12753K, committed 12800K, reserved 1048576K
}
Event: 1425.668 GC heap before
{Heap before GC invocations=21 (full 4):
 PSYoungGen      total 229376K, used 24328K [0x00000000e0000000, 0x00000000f1280000, 0x0000000100000000)
  eden space 183808K, 0% used [0x00000000e0000000,0x00000000e0000000,0x00000000eb380000)
  from space 45568K, 53% used [0x00000000eb380000,0x00000000ecb423c0,0x00000000ee000000)
  to   space 44544K, 0% used [0x00000000ee700000,0x00000000ee700000,0x00000000f1280000)
 ParOldGen       total 252928K, used 94624K [0x00000000a0000000, 0x00000000af700000, 0x00000000e0000000)
  object space 252928K, 37% used [0x00000000a0000000,0x00000000a5c68270,0x00000000af700000)
 Metaspace       used 94054K, capacity 98082K, committed 98264K, reserved 1134592K
  class space    used 11873K, capacity 12753K, committed 12800K, reserved 1048576K
Event: 1426.131 GC heap after
Heap after GC invocations=21 (full 4):
 PSYoungGen      total 229376K, used 0K [0x00000000e0000000, 0x00000000f1280000, 0x0000000100000000)
  eden space 183808K, 0% used [0x00000000e0000000,0x00000000e0000000,0x00000000eb380000)
  from space 45568K, 0% used [0x00000000eb380000,0x00000000eb380000,0x00000000ee000000)
  to   space 44544K, 0% used [0x00000000ee700000,0x00000000ee700000,0x00000000f1280000)
 ParOldGen       total 252928K, used 85823K [0x00000000a0000000, 0x00000000af700000, 0x00000000e0000000)
  object space 252928K, 33% used [0x00000000a0000000,0x00000000a53cfcf8,0x00000000af700000)
 Metaspace       used 94054K, capacity 98082K, committed 98264K, reserved 1134592K
  class space    used 11873K, capacity 12753K, committed 12800K, reserved 1048576K
}

Deoptimization events (10 events):
Event: 1431.317 Thread 0x00000000193d5000 Uncommon trap: reason=class_check action=maybe_recompile pc=0x00000000049307b0 method=com.google.common.collect.AbstractMapEntry.hashCode()I @ 19
Event: 1431.329 Thread 0x00000000193d5000 Uncommon trap: reason=bimorphic action=maybe_recompile pc=0x0000000003aaf7d4 method=java.io.DataInputStream.readUnsignedShort()I @ 4
Event: 1431.329 Thread 0x00000000193d5000 Uncommon trap: reason=bimorphic action=maybe_recompile pc=0x0000000003aaf7d4 method=java.io.DataInputStream.readUnsignedShort()I @ 4
Event: 1431.336 Thread 0x00000000193d5000 Uncommon trap: reason=unstable_if action=reinterpret pc=0x0000000003ef5544 method=com.sun.org.apache.xerces.internal.impl.XMLEntityScanner.arrangeCapacity(IZ)Z @ 59
Event: 1431.338 Thread 0x00000000193d5000 Uncommon trap: reason=unstable_if action=reinterpret pc=0x00000000042324b4 method=com.sun.org.apache.xerces.internal.impl.XMLEntityScanner.arrangeCapacity(IZ)Z @ 59
Event: 1431.454 Thread 0x00000000193d5800 Uncommon trap: reason=bimorphic action=maybe_recompile pc=0x00000000046be15c method=java.util.concurrent.ThreadPoolExecutor.getTask()Ljava/lang/Runnable; @ 134
Event: 1431.466 Thread 0x00000000193d5000 Uncommon trap: reason=bimorphic action=maybe_recompile pc=0x000000000297eba4 method=com.google.common.collect.Iterators$4.computeNext()Ljava/lang/Object; @ 27
Event: 1431.466 Thread 0x00000000193d5000 Uncommon trap: reason=bimorphic action=maybe_recompile pc=0x000000000297eba4 method=com.google.common.collect.Iterators$4.computeNext()Ljava/lang/Object; @ 27
Event: 1431.466 Thread 0x00000000193d5000 Uncommon trap: reason=bimorphic action=maybe_recompile pc=0x000000000297eba4 method=com.google.common.collect.Iterators$4.computeNext()Ljava/lang/Object; @ 27
Event: 1431.466 Thread 0x00000000193d5000 Uncommon trap: reason=bimorphic action=maybe_recompile pc=0x000000000297eba4 method=com.google.common.collect.Iterators$4.computeNext()Ljava/lang/Object; @ 27

Classes redefined (0 events):
No events

Internal exceptions (10 events):
Event: 1428.560 Thread 0x00000000193c9000 Exception <a 'java/lang/ClassNotFoundException': org/codehaus/groovy/ast/stmt/BlockStatementBeanInfo> (0x00000000e6e91a30) thrown at [D:\src\AOSP-openjdk-cygwin\jdk8u\hotspot\src\share\vm\classfile\systemDictionary.cpp, line 210]
Event: 1428.560 Thread 0x00000000193c9000 Exception <a 'java/lang/ClassNotFoundException': org/codehaus/groovy/ast/stmt/StatementBeanInfo> (0x00000000e6ea57d8) thrown at [D:\src\AOSP-openjdk-cygwin\jdk8u\hotspot\src\share\vm\classfile\systemDictionary.cpp, line 210]
Event: 1428.561 Thread 0x00000000193c9000 Exception <a 'java/lang/ClassNotFoundException': org/codehaus/groovy/ast/stmt/StatementCustomizer> (0x00000000e6eb9f28) thrown at [D:\src\AOSP-openjdk-cygwin\jdk8u\hotspot\src\share\vm\classfile\systemDictionary.cpp, line 210]
Event: 1428.561 Thread 0x00000000193c9000 Exception <a 'java/lang/ClassNotFoundException': org/codehaus/groovy/ast/stmt/BlockStatementCustomizer> (0x00000000e6ed8720) thrown at [D:\src\AOSP-openjdk-cygwin\jdk8u\hotspot\src\share\vm\classfile\systemDictionary.cpp, line 210]
Event: 1428.571 Thread 0x00000000193c9000 Exception <a 'java/lang/ClassNotFoundException': org/codehaus/groovy/ast/ClassNodeBeanInfo> (0x00000000e6f75708) thrown at [D:\src\AOSP-openjdk-cygwin\jdk8u\hotspot\src\share\vm\classfile\systemDictionary.cpp, line 210]
Event: 1428.572 Thread 0x00000000193c9000 Exception <a 'java/lang/ClassNotFoundException': org/codehaus/groovy/ast/AnnotatedNodeBeanInfo> (0x00000000e6f89498) thrown at [D:\src\AOSP-openjdk-cygwin\jdk8u\hotspot\src\share\vm\classfile\systemDictionary.cpp, line 210]
Event: 1428.572 Thread 0x00000000193c9000 Exception <a 'java/lang/ClassNotFoundException': org/codehaus/groovy/ast/AnnotatedNodeCustomizer> (0x00000000e6f9d700) thrown at [D:\src\AOSP-openjdk-cygwin\jdk8u\hotspot\src\share\vm\classfile\systemDictionary.cpp, line 210]
Event: 1428.573 Thread 0x00000000193c9000 Exception <a 'java/lang/ClassNotFoundException': org/codehaus/groovy/ast/ClassNodeCustomizer> (0x00000000e6fc0188) thrown at [D:\src\AOSP-openjdk-cygwin\jdk8u\hotspot\src\share\vm\classfile\systemDictionary.cpp, line 210]
Event: 1431.387 Thread 0x00000000193d5000 Exception <a 'java/lang/NoSuchMethodError': java.lang.Object.lambda$comparing$ea9a8b3a$1(Ljava/util/Comparator;Ljava/util/function/Function;Ljava/lang/Object;Ljava/lang/Object;)I> (0x00000000e931b3d8) thrown at [D:\src\AOSP-openjdk-cygwin\jdk8u\hotspot\sr
Event: 1431.470 Thread 0x00000000193d5000 Exception <a 'java/lang/NoSuchMethodError': java.lang.Object.lambda$or$2(Ljava/util/function/Predicate;Ljava/lang/Object;)Z> (0x00000000ea35d958) thrown at [D:\src\AOSP-openjdk-cygwin\jdk8u\hotspot\src\share\vm\interpreter\linkResolver.cpp, line 584]

Events (10 events):
Event: 1431.477 loading class com/android/builder/internal/packaging/PackagedFileUpdate
Event: 1431.477 loading class com/android/builder/internal/packaging/PackagedFileUpdate done
Event: 1431.502 Thread 0x00000000193d5000 DEOPT PACKING pc=0x0000000004f6c5d4 sp=0x0000000029aae040
Event: 1431.502 Thread 0x00000000193d5000 DEOPT UNPACKING pc=0x00000000025f75d0 sp=0x0000000029aade70 mode 0
Event: 1431.505 Thread 0x00000000193d5000 DEOPT PACKING pc=0x0000000004f6c5d4 sp=0x0000000029aae390
Event: 1431.505 Thread 0x00000000193d5000 DEOPT UNPACKING pc=0x00000000025f75d0 sp=0x0000000029aae1c0 mode 0
Event: 1431.508 Thread 0x00000000193d5000 DEOPT PACKING pc=0x0000000004f6c5d4 sp=0x0000000029aae040
Event: 1431.508 Thread 0x00000000193d5000 DEOPT UNPACKING pc=0x00000000025f75d0 sp=0x0000000029aade70 mode 0
Event: 1431.510 Thread 0x00000000193d5000 DEOPT PACKING pc=0x0000000004f6c5d4 sp=0x0000000029aae040
Event: 1431.511 Thread 0x00000000193d5000 DEOPT UNPACKING pc=0x00000000025f75d0 sp=0x0000000029aade70 mode 0


Dynamic libraries:
0x00007ff65e6c0000 - 0x00007ff65e6f1000 	C:\Program Files\Android\Android Studio\jre\bin\java.exe
0x00007ffc19af0000 - 0x00007ffc19ccb000 	C:\WINDOWS\SYSTEM32\ntdll.dll
0x00007ffc170b0000 - 0x00007ffc1715e000 	C:\WINDOWS\System32\KERNEL32.DLL
0x00007ffc16260000 - 0x00007ffc164aa000 	C:\WINDOWS\System32\KERNELBASE.dll
0x0000000051260000 - 0x00000000512f5000 	C:\WINDOWS\System32\SYSFER.DLL
0x00007ffc19a30000 - 0x00007ffc19ad1000 	C:\WINDOWS\System32\ADVAPI32.dll
0x00007ffc196d0000 - 0x00007ffc1976d000 	C:\WINDOWS\System32\msvcrt.dll
0x00007ffc19770000 - 0x00007ffc197c9000 	C:\WINDOWS\System32\sechost.dll
0x00007ffc19590000 - 0x00007ffc196b5000 	C:\WINDOWS\System32\RPCRT4.dll
0x00007ffc198e0000 - 0x00007ffc19a2a000 	C:\WINDOWS\System32\USER32.dll
0x00007ffc17030000 - 0x00007ffc1704e000 	C:\WINDOWS\System32\win32u.dll
0x00007ffc17080000 - 0x00007ffc170a7000 	C:\WINDOWS\System32\GDI32.dll
0x00007ffc16bb0000 - 0x00007ffc16d38000 	C:\WINDOWS\System32\gdi32full.dll
0x00007ffc16110000 - 0x00007ffc161aa000 	C:\WINDOWS\System32\msvcp_win.dll
0x00007ffc16010000 - 0x00007ffc16106000 	C:\WINDOWS\System32\ucrtbase.dll
0x00007ffc0bb20000 - 0x00007ffc0bd87000 	C:\WINDOWS\WinSxS\amd64_microsoft.windows.common-controls_6595b64144ccf1df_6.0.15063.1155_none_40c7922129a7722b\COMCTL32.dll
0x00007ffc18b00000 - 0x00007ffc18df9000 	C:\WINDOWS\System32\combase.dll
0x00007ffc16f70000 - 0x00007ffc16fda000 	C:\WINDOWS\System32\bcryptPrimitives.dll
0x00007ffc196c0000 - 0x00007ffc196c8000 	C:\WINDOWS\System32\psapi.dll
0x00007ffc17050000 - 0x00007ffc1707d000 	C:\WINDOWS\System32\IMM32.DLL
0x0000000077bc0000 - 0x0000000077c92000 	C:\Program Files\Android\Android Studio\jre\jre\bin\msvcr100.dll
0x00000000728c0000 - 0x00000000730ff000 	C:\Program Files\Android\Android Studio\jre\jre\bin\server\jvm.dll
0x00007ffc126b0000 - 0x00007ffc126b9000 	C:\WINDOWS\SYSTEM32\WSOCK32.dll
0x00007ffc18770000 - 0x00007ffc187dc000 	C:\WINDOWS\System32\WS2_32.dll
0x00007ffc0e520000 - 0x00007ffc0e543000 	C:\WINDOWS\SYSTEM32\WINMM.dll
0x00007ffc093d0000 - 0x00007ffc093da000 	C:\WINDOWS\SYSTEM32\VERSION.dll
0x00007ffc0e4f0000 - 0x00007ffc0e51b000 	C:\WINDOWS\SYSTEM32\WINMMBASE.dll
0x00007ffc16fe0000 - 0x00007ffc17029000 	C:\WINDOWS\System32\cfgmgr32.dll
0x00007ffc12a30000 - 0x00007ffc12a3f000 	C:\Program Files\Android\Android Studio\jre\jre\bin\verify.dll
0x00007ffbed490000 - 0x00007ffbed4b9000 	C:\Program Files\Android\Android Studio\jre\jre\bin\java.dll
0x00007ffbf5800000 - 0x00007ffbf5816000 	C:\Program Files\Android\Android Studio\jre\jre\bin\zip.dll
0x00007ffc171c0000 - 0x00007ffc185f8000 	C:\WINDOWS\System32\SHELL32.dll
0x00007ffc18a50000 - 0x00007ffc18afa000 	C:\WINDOWS\System32\shcore.dll
0x00007ffc164b0000 - 0x00007ffc16ba1000 	C:\WINDOWS\System32\windows.storage.dll
0x00007ffc17160000 - 0x00007ffc171b1000 	C:\WINDOWS\System32\shlwapi.dll
0x00007ffc15ff0000 - 0x00007ffc16001000 	C:\WINDOWS\System32\kernel.appcore.dll
0x00007ffc15f80000 - 0x00007ffc15fcc000 	C:\WINDOWS\System32\powrprof.dll
0x00007ffc15fd0000 - 0x00007ffc15fe5000 	C:\WINDOWS\System32\profapi.dll
0x00007ffbef350000 - 0x00007ffbef36a000 	C:\Program Files\Android\Android Studio\jre\jre\bin\net.dll
0x00007ffc15810000 - 0x00007ffc1586c000 	C:\WINDOWS\system32\mswsock.dll
0x00007ffbee340000 - 0x00007ffbee351000 	C:\Program Files\Android\Android Studio\jre\jre\bin\nio.dll
0x00007ffc07bf0000 - 0x00007ffc07c0e000 	C:\Users\juaherna\.gradle\native\25\windows-amd64\native-platform.dll
0x00007ffc13820000 - 0x00007ffc1382d000 	C:\Program Files\Android\Android Studio\jre\jre\bin\management.dll
0x00007ffc159b0000 - 0x00007ffc159c7000 	C:\WINDOWS\SYSTEM32\CRYPTSP.dll
0x00007ffc15440000 - 0x00007ffc15474000 	C:\WINDOWS\system32\rsaenh.dll
0x00007ffc15e30000 - 0x00007ffc15e55000 	C:\WINDOWS\SYSTEM32\bcrypt.dll
0x00007ffc15e60000 - 0x00007ffc15e89000 	C:\WINDOWS\SYSTEM32\USERENV.dll
0x00007ffc159d0000 - 0x00007ffc159db000 	C:\WINDOWS\SYSTEM32\CRYPTBASE.dll
0x00007ffc155b0000 - 0x00007ffc155e7000 	C:\WINDOWS\SYSTEM32\IPHLPAPI.DLL
0x00007ffc19ae0000 - 0x00007ffc19ae8000 	C:\WINDOWS\System32\NSI.dll
0x00007ffc136d0000 - 0x00007ffc136e6000 	C:\WINDOWS\SYSTEM32\dhcpcsvc6.DLL
0x00007ffc13470000 - 0x00007ffc1348a000 	C:\WINDOWS\SYSTEM32\dhcpcsvc.DLL
0x00007ffc04030000 - 0x00007ffc04046000 	C:\WINDOWS\system32\napinsp.dll
0x00007ffc04010000 - 0x00007ffc0402a000 	C:\WINDOWS\system32\pnrpnsp.dll
0x00007ffc13150000 - 0x00007ffc13168000 	C:\WINDOWS\system32\NLAapi.dll
0x00007ffc15600000 - 0x00007ffc156a4000 	C:\WINDOWS\SYSTEM32\DNSAPI.dll
0x00007ffc02c60000 - 0x00007ffc02c6e000 	C:\WINDOWS\System32\winrnr.dll
0x00007ffc02c40000 - 0x00007ffc02c55000 	C:\WINDOWS\System32\wshbth.dll
0x00007ffc0e550000 - 0x00007ffc0e55a000 	C:\Windows\System32\rasadhlp.dll
0x00007ffc13960000 - 0x00007ffc139cb000 	C:\WINDOWS\System32\fwpuclnt.dll

VM Arguments:
jvm_args: -Xmx1536m -Dfile.encoding=windows-1252 -Duser.country=US -Duser.language=en -Duser.variant 
java_command: org.gradle.launcher.daemon.bootstrap.GradleDaemon 4.4
java_class_path (initial): C:\Users\juaherna\.gradle\wrapper\dists\gradle-4.4-all\9br9xq1tocpiv8o6njlyu5op1\gradle-4.4\lib\gradle-launcher-4.4.jar
Launcher Type: SUN_STANDARD

Environment Variables:
PATH=C:\ProgramData\Oracle\Java\javapath;C:\oraclexe\app\oracle\product\11.2.0\server\bin;;C:\Program Files (x86)\Intel\iCLS Client\;C:\Program Files\Intel\iCLS Client\;C:\WINDOWS\system32;C:\WINDOWS;C:\WINDOWS\System32\Wbem;C:\WINDOWS\System32\WindowsPowerShell\v1.0\;C:\Program Files (x86)\Intel\Intel(R) Management Engine Components\DAL;C:\Program Files\Intel\Intel(R) Management Engine Components\DAL;C:\Program Files (x86)\Intel\Intel(R) Management Engine Components\IPT;C:\Program Files\Intel\Intel(R) Management Engine Components\IPT;C:\Program Files\TortoiseSVN\bin;C:\Program Files\PuTTY\;C:\Program Files (x86)\Microsoft SQL Server\130\Tools\Binn\;C:\Program Files\Microsoft SQL Server\130\Tools\Binn\;C:\Program Files (x86)\Microsoft SQL Server\130\DTS\Binn\;C:\Program Files\Microsoft SQL Server\130\DTS\Binn\;C:\Program Files\Microsoft SQL Server\Client SDK\ODBC\130\Tools\Binn\;C:\Program Files\TortoiseGit\bin;C:\Program Files\Intel\WiFi\bin\;C:\Program Files\Common Files\Intel\WirelessCommon\;C:\Program Files (x86)\Symantec\VIP Access Client\;C:\Program Files\Microsoft SQL Server\Client SDK\ODBC\110\Tools\Binn\;C:\Program Files (x86)\Microsoft SQL Server\120\Tools\Binn\;C:\Program Files\Microsoft SQL Server\120\Tools\Binn\;C:\Program Files\Microsoft SQL Server\120\DTS\Binn\;C:\Program Files (x86)\Microsoft SQL Server\120\Tools\Binn\ManagementStudio\;C:\Program Files (x86)\Microsoft SQL Server\120\DTS\Binn\;C:\Program Files\Microsoft\Web Platform Installer\;C:\Program Files (x86)\Microsoft ASP.NET\ASP.NET Web Pages\v1.0\;C:\Program Files\Microsoft SQL Server\110\Tools\Binn\;C:\Program Files (x86)\Windows Kits\8.0\Windows Performance Toolkit\;C:\Users\juaherna\AppData\Local\Microsoft\WindowsApps;;C:\Users\juaherna\AppData\Local\Programs\Fiddler
USERNAME=JUAHERNA
OS=Windows_NT
PROCESSOR_IDENTIFIER=Intel64 Family 6 Model 78 Stepping 3, GenuineIntel



---------------  S Y S T E M  ---------------

OS: Windows 10.0 , 64 bit Build 15063 (10.0.15063.1058)

CPU:total 4 (initial active 4) (2 cores per cpu, 2 threads per core) family 6 model 78 stepping 3, cmov, cx8, fxsr, mmx, sse, sse2, sse3, ssse3, sse4.1, sse4.2, popcnt, avx, avx2, aes, clmul, erms, rtm, 3dnowpref, lzcnt, ht, tsc, tscinvbit, bmi1, bmi2, adx

Memory: 4k page, physical 16657352k(4953000k free), swap 20753352k(2764k free)

vm_info: OpenJDK 64-Bit Server VM (25.152-b02) for windows-amd64 JRE (1.8.0_152-release-1024-b02), built by "builder" with MS VC++ 10.0 (VS2010)

time: Wed Jul 04 15:10:30 2018
elapsed time: 1431 seconds (0d 0h 23m 51s)

